Game Design Final/Library/Bee/Android/Prj/Mono2x/Gradle/unityLibrary/build/intermediates/manifest_merge_blame_file/release/manifest-merger-blame-release-report.txt
1<?xml version="1.0" encoding="utf-8"?>
2<manifest xmlns:android="http://schemas.android.com/apk/res/android"
3    xmlns:tools="http://schemas.android.com/tools"
4    package="com.unity3d.player"
5    android:versionCode="1"
6    android:versionName="1.0" >
7
8    <uses-sdk
9        android:minSdkVersion="22"
9-->src\main\AndroidManifest.xml
10        android:targetSdkVersion="30" />
10-->src\main\AndroidManifest.xml
11
12    <uses-feature android:glEsVersion="0x00020000" />
12-->src\main\AndroidManifest.xml:19:3-52
12-->src\main\AndroidManifest.xml:19:17-49
13
14    <uses-permission android:name="android.permission.INTERNET" />
14-->src\main\AndroidManifest.xml:20:3-65
14-->src\main\AndroidManifest.xml:20:20-62
15    <uses-permission android:name="android.permission.VIBRATE" />
15-->src\main\AndroidManifest.xml:21:3-64
15-->src\main\AndroidManifest.xml:21:20-61
16    <uses-permission android:name="android.permission.ACCESS_FINE_LOCATION" />
16-->src\main\AndroidManifest.xml:22:3-77
16-->src\main\AndroidManifest.xml:22:20-74
17
18    <uses-feature
18-->src\main\AndroidManifest.xml:23:3-89
19        android:name="android.hardware.location.gps"
19-->src\main\AndroidManifest.xml:23:17-61
20        android:required="false" />
20-->src\main\AndroidManifest.xml:23:62-86
21    <uses-feature
21-->src\main\AndroidManifest.xml:24:3-85
22        android:name="android.hardware.location"
22-->src\main\AndroidManifest.xml:24:17-57
23        android:required="false" />
23-->src\main\AndroidManifest.xml:24:58-82
24    <uses-feature
24-->src\main\AndroidManifest.xml:25:3-97
25        android:name="android.hardware.sensor.accelerometer"
25-->src\main\AndroidManifest.xml:25:17-69
26        android:required="false" />
26-->src\main\AndroidManifest.xml:25:70-94
27    <uses-feature
27-->src\main\AndroidManifest.xml:26:3-88
28        android:name="android.hardware.touchscreen"
28-->src\main\AndroidManifest.xml:26:17-60
29        android:required="false" />
29-->src\main\AndroidManifest.xml:26:61-85
30    <uses-feature
30-->src\main\AndroidManifest.xml:27:3-99
31        android:name="android.hardware.touchscreen.multitouch"
31-->src\main\AndroidManifest.xml:27:17-71
32        android:required="false" />
32-->src\main\AndroidManifest.xml:27:72-96
33    <uses-feature
33-->src\main\AndroidManifest.xml:28:3-108
34        android:name="android.hardware.touchscreen.multitouch.distinct"
34-->src\main\AndroidManifest.xml:28:17-80
35        android:required="false" />
35-->src\main\AndroidManifest.xml:28:81-105
36
37    <application
37-->src\main\AndroidManifest.xml:3:3-18:17
38        android:extractNativeLibs="true"
38-->src\main\AndroidManifest.xml:3:16-48
39        android:isGame="true" >
39-->src\main\AndroidManifest.xml:3:49-70
40        <activity
40-->src\main\AndroidManifest.xml:4:5-12:16
41            android:name="com.unity3d.player.UnityPlayerActivity"
41-->src\main\AndroidManifest.xml:4:15-68
42            android:configChanges="mcc|mnc|locale|touchscreen|keyboard|keyboardHidden|navigation|orientation|screenLayout|uiMode|screenSize|smallestScreenSize|fontScale|layoutDirection|density"
42-->src\main\AndroidManifest.xml:4:181-362
43            android:hardwareAccelerated="false"
43-->src\main\AndroidManifest.xml:4:398-433
44            android:launchMode="singleTask"
44-->src\main\AndroidManifest.xml:4:149-180
45            android:resizeableActivity="false"
45-->src\main\AndroidManifest.xml:4:363-397
46            android:screenOrientation="landscape"
46-->src\main\AndroidManifest.xml:4:111-148
47            android:theme="@style/UnityThemeSelector" >
47-->src\main\AndroidManifest.xml:4:69-110
48            <intent-filter>
48-->src\main\AndroidManifest.xml:5:7-9:23
49                <action android:name="android.intent.action.MAIN" />
49-->src\main\AndroidManifest.xml:6:9-61
49-->src\main\AndroidManifest.xml:6:17-58
50
51                <category android:name="android.intent.category.LAUNCHER" />
51-->src\main\AndroidManifest.xml:7:9-69
51-->src\main\AndroidManifest.xml:7:19-66
52                <category android:name="android.intent.category.LEANBACK_LAUNCHER" />
52-->src\main\AndroidManifest.xml:8:9-78
52-->src\main\AndroidManifest.xml:8:19-75
53            </intent-filter>
54
55            <meta-data
55-->src\main\AndroidManifest.xml:10:7-82
56                android:name="unityplayer.UnityActivity"
56-->src\main\AndroidManifest.xml:10:18-58
57                android:value="true" />
57-->src\main\AndroidManifest.xml:10:59-79
58            <meta-data
58-->src\main\AndroidManifest.xml:11:7-78
59                android:name="android.notch_support"
59-->src\main\AndroidManifest.xml:11:18-54
60                android:value="true" />
60-->src\main\AndroidManifest.xml:11:55-75
61        </activity>
62
63        <meta-data
63-->src\main\AndroidManifest.xml:13:5-69
64            android:name="unity.splash-mode"
64-->src\main\AndroidManifest.xml:13:16-48
65            android:value="0" />
65-->src\main\AndroidManifest.xml:13:49-66
66        <meta-data
66-->src\main\AndroidManifest.xml:14:5-74
67            android:name="unity.splash-enable"
67-->src\main\AndroidManifest.xml:14:16-50
68            android:value="True" />
68-->src\main\AndroidManifest.xml:14:51-71
69        <meta-data
69-->src\main\AndroidManifest.xml:15:5-78
70            android:name="unity.launch-fullscreen"
70-->src\main\AndroidManifest.xml:15:16-54
71            android:value="True" />
71-->src\main\AndroidManifest.xml:15:55-75
72        <meta-data
72-->src\main\AndroidManifest.xml:16:5-84
73            android:name="unity.allow-resizable-window"
73-->src\main\AndroidManifest.xml:16:16-59
74            android:value="False" />
74-->src\main\AndroidManifest.xml:16:60-81
75        <meta-data
75-->src\main\AndroidManifest.xml:17:5-81
76            android:name="notch.config"
76-->src\main\AndroidManifest.xml:17:16-43
77            android:value="portrait|landscape" />
77-->src\main\AndroidManifest.xml:17:44-78
78    </application>
79
80</manifest>